GPU 0: Tesla K80 (UUID: GPU-6e6fdbc6-8735-5fe5-f6d9-30a6d3dc0d1d)
GPU 1: Tesla K80 (UUID: GPU-05115f5a-622a-3895-48c0-28f029e46686)
GPU 2: Tesla K80 (UUID: GPU-97c42050-2116-3e6a-cac1-9c1531796bcd)
GPU 3: Tesla K80 (UUID: GPU-e2adc115-d77f-8284-bcfe-f674f59c0d14)

Jupyter server is running on: gpu-29
Job starts at: Thu Apr 30 21:49:00 EDT 2020

Step 1 :

If you are working in NYU campus, please open an iTerm window, run command

ssh -L 9981:localhost:9981 sga297@prince.hpc.nyu.edu

If you are working off campus, you should already have ssh tunneling setup through HPC bastion host, 
that you can directly login to prince with command

ssh sga297@prince

Please open an iTerm window, run command

ssh -L 9981:localhost:9981 sga297@prince

Step 2:

Keep the iTerm windows in the previouse step open. Now open browser, find the line with

The Jupyter Notebook is running at: gpu-29

the URL is something: http://localhost:9981/?token=XXXXXXXX (see your token below)

you should be able to connect to jupyter notebook running remotly on prince compute node with above url

[I 21:49:04.528 NotebookApp] Serving notebooks from local directory: /scratch/sga297/dlProject/DLFrnn/Frnn/SimClr/SimclrGPU
[I 21:49:04.528 NotebookApp] The Jupyter Notebook is running at:
[I 21:49:04.528 NotebookApp] http://localhost:9981/?token=d62cc7acbceaaddc58190535017cd616233f677bc9ad61d2
[I 21:49:04.528 NotebookApp]  or http://127.0.0.1:9981/?token=d62cc7acbceaaddc58190535017cd616233f677bc9ad61d2
[I 21:49:04.528 NotebookApp] Use Control-C to stop this server and shut down all kernels (twice to skip confirmation).
[C 21:49:04.548 NotebookApp] 
    
    To access the notebook, open this file in a browser:
        file:///home/sga297/.local/share/jupyter/runtime/nbserver-29066-open.html
    Or copy and paste one of these URLs:
        http://localhost:9981/?token=d62cc7acbceaaddc58190535017cd616233f677bc9ad61d2
     or http://127.0.0.1:9981/?token=d62cc7acbceaaddc58190535017cd616233f677bc9ad61d2
slurmstepd: error: *** JOB 9530166 ON gpu-29 CANCELLED AT 2020-04-30T21:52:42 ***
